# JRE version: OpenJDK Runtime Environment Microsoft-11926163 (17.0.16+8) (build 17.0.16+8-LTS)
# Java VM: OpenJDK 64-Bit Server VM Microsoft-11926163 (17.0.16+8-LTS, mixed mode, sharing, tiered, compressed oops, compressed class ptrs, g1 gc, windows-amd64)
GC Precious Log:
 CPUs: 12 total, 12 available
 Memory: 7876M
 Large Page Support: Disabled
 NUMA Support: Disabled
 Compressed Oops: Enabled (32-bit)
 Heap Region Size: 1M
 Heap Min Capacity: 8M
 Heap Initial Capacity: 124M
 Heap Max Capacity: 2G
 Pre-touch: Disabled
 Parallel Workers: 10
 Concurrent Workers: 3
 Concurrent Refinement Workers: 10
 Periodic GC: Disabled
Heap:
 garbage-first heap   total 374784K, used 265798K [0x0000000080000000, 0x0000000100000000)
  region size 1024K, 91 young (93184K), 17 survivors (17408K)
 Metaspace       used 110928K, committed 112448K, reserved 557056K
  class space    used 15431K, committed 16192K, reserved 425984K
GC Heap History (20 events):
Event: 24.571 GC heap before
{Heap before GC invocations=36 (full 0):
 garbage-first heap   total 187392K, used 156140K [0x0000000080000000, 0x0000000100000000)
  region size 1024K, 51 young (52224K), 3 survivors (3072K)
 Metaspace       used 87007K, committed 88128K, reserved 557056K
  class space    used 12140K, committed 12672K, reserved 425984K
}
Event: 24.575 GC heap after
{Heap after GC invocations=37 (full 0):
 garbage-first heap   total 187392K, used 107936K [0x0000000080000000, 0x0000000100000000)
  region size 1024K, 4 young (4096K), 4 survivors (4096K)
 Metaspace       used 87007K, committed 88128K, reserved 557056K
  class space    used 12140K, committed 12672K, reserved 425984K
}
Event: 25.444 GC heap before
{Heap before GC invocations=37 (full 0):
 garbage-first heap   total 187392K, used 155040K [0x0000000080000000, 0x0000000100000000)
  region size 1024K, 50 young (51200K), 4 survivors (4096K)
 Metaspace       used 89530K, committed 90688K, reserved 557056K
  class space    used 12492K, committed 13056K, reserved 425984K
}
Event: 25.452 GC heap after
{Heap after GC invocations=38 (full 0):
 garbage-first heap   total 187392K, used 112344K [0x0000000080000000, 0x0000000100000000)
  region size 1024K, 7 young (7168K), 7 survivors (7168K)
 Metaspace       used 89530K, committed 90688K, reserved 557056K
  class space    used 12492K, committed 13056K, reserved 425984K
}
Event: 25.889 GC heap before
{Heap before GC invocations=38 (full 0):
 garbage-first heap   total 187392K, used 155352K [0x0000000080000000, 0x0000000100000000)
  region size 1024K, 49 young (50176K), 7 survivors (7168K)
 Metaspace       used 90877K, committed 92096K, reserved 557056K
  class space    used 12648K, committed 13248K, reserved 425984K
}
Event: 25.899 GC heap after
{Heap after GC invocations=39 (full 0):
 garbage-first heap   total 187392K, used 115056K [0x0000000080000000, 0x0000000100000000)
  region size 1024K, 7 young (7168K), 7 survivors (7168K)
 Metaspace       used 90877K, committed 92096K, reserved 557056K
  class space    used 12648K, committed 13248K, reserved 425984K
}
Event: 26.492 GC heap before
{Heap before GC invocations=39 (full 0):
 garbage-first heap   total 187392K, used 154992K [0x0000000080000000, 0x0000000100000000)
  region size 1024K, 46 young (47104K), 7 survivors (7168K)
 Metaspace       used 93174K, committed 94336K, reserved 557056K
  class space    used 12951K, committed 13504K, reserved 425984K
}
Event: 26.501 GC heap after
{Heap after GC invocations=40 (full 0):
 garbage-first heap   total 187392K, used 117425K [0x0000000080000000, 0x0000000100000000)
  region size 1024K, 6 young (6144K), 6 survivors (6144K)
 Metaspace       used 93174K, committed 94336K, reserved 557056K
  class space    used 12951K, committed 13504K, reserved 425984K
}
Event: 27.043 GC heap before
{Heap before GC invocations=40 (full 0):
 garbage-first heap   total 187392K, used 157361K [0x0000000080000000, 0x0000000100000000)
  region size 1024K, 44 young (45056K), 6 survivors (6144K)
 Metaspace       used 95601K, committed 96768K, reserved 557056K
  class space    used 13310K, committed 13888K, reserved 425984K
}
Event: 27.051 GC heap after
{Heap after GC invocations=41 (full 0):
 garbage-first heap   total 374784K, used 118602K [0x0000000080000000, 0x0000000100000000)
  region size 1024K, 4 young (4096K), 4 survivors (4096K)
 Metaspace       used 95601K, committed 96768K, reserved 557056K
  class space    used 13310K, committed 13888K, reserved 425984K
}
Event: 30.767 GC heap before
{Heap before GC invocations=41 (full 0):
 garbage-first heap   total 374784K, used 307018K [0x0000000080000000, 0x0000000100000000)
  region size 1024K, 188 young (192512K), 4 survivors (4096K)
 Metaspace       used 105060K, committed 106368K, reserved 557056K
  class space    used 14716K, committed 15360K, reserved 425984K
}
Event: 30.784 GC heap after
{Heap after GC invocations=42 (full 0):
 garbage-first heap   total 374784K, used 131655K [0x0000000080000000, 0x0000000100000000)
  region size 1024K, 16 young (16384K), 16 survivors (16384K)
 Metaspace       used 105060K, committed 106368K, reserved 557056K
  class space    used 14716K, committed 15360K, reserved 425984K
}
Event: 33.430 GC heap before
{Heap before GC invocations=42 (full 0):
 garbage-first heap   total 374784K, used 299591K [0x0000000080000000, 0x0000000100000000)
  region size 1024K, 178 young (182272K), 16 survivors (16384K)
 Metaspace       used 107772K, committed 109184K, reserved 557056K
  class space    used 15021K, committed 15744K, reserved 425984K
}
Event: 33.455 GC heap after
{Heap after GC invocations=43 (full 0):
 garbage-first heap   total 374784K, used 155728K [0x0000000080000000, 0x0000000100000000)
  region size 1024K, 21 young (21504K), 21 survivors (21504K)
 Metaspace       used 107772K, committed 109184K, reserved 557056K
  class space    used 15021K, committed 15744K, reserved 425984K
}
Event: 35.272 GC heap before
{Heap before GC invocations=43 (full 0):
 garbage-first heap   total 374784K, used 301136K [0x0000000080000000, 0x0000000100000000)
  region size 1024K, 161 young (164864K), 21 survivors (21504K)
 Metaspace       used 108116K, committed 109568K, reserved 557056K
  class space    used 15063K, committed 15808K, reserved 425984K
}
Event: 35.296 GC heap after
{Heap after GC invocations=44 (full 0):
 garbage-first heap   total 374784K, used 170939K [0x0000000080000000, 0x0000000100000000)
  region size 1024K, 16 young (16384K), 16 survivors (16384K)
 Metaspace       used 108116K, committed 109568K, reserved 557056K
  class space    used 15063K, committed 15808K, reserved 425984K
}
Event: 36.272 GC heap before
{Heap before GC invocations=44 (full 0):
 garbage-first heap   total 374784K, used 298939K [0x0000000080000000, 0x0000000100000000)
  region size 1024K, 142 young (145408K), 16 survivors (16384K)
 Metaspace       used 108185K, committed 109696K, reserved 557056K
  class space    used 15063K, committed 15808K, reserved 425984K
}
Event: 36.285 GC heap after
{Heap after GC invocations=45 (full 0):
 garbage-first heap   total 374784K, used 175378K [0x0000000080000000, 0x0000000100000000)
  region size 1024K, 7 young (7168K), 7 survivors (7168K)
 Metaspace       used 108185K, committed 109696K, reserved 557056K
  class space    used 15063K, committed 15808K, reserved 425984K
}
Event: 38.878 GC heap before
{Heap before GC invocations=45 (full 0):
 garbage-first heap   total 374784K, used 307474K [0x0000000080000000, 0x0000000100000000)
  region size 1024K, 133 young (136192K), 7 survivors (7168K)
 Metaspace       used 108628K, committed 110144K, reserved 557056K
  class space    used 15111K, committed 15872K, reserved 425984K
}
Event: 38.894 GC heap after
{Heap after GC invocations=46 (full 0):
 garbage-first heap   total 374784K, used 190022K [0x0000000080000000, 0x0000000100000000)
  region size 1024K, 17 young (17408K), 17 survivors (17408K)
 Metaspace       used 108628K, committed 110144K, reserved 557056K
  class space    used 15111K, committed 15872K, reserved 425984K
}

