# JRE version: OpenJDK Runtime Environment Microsoft-11926163 (17.0.16+8) (build 17.0.16+8-LTS)
# Java VM: OpenJDK 64-Bit Server VM Microsoft-11926163 (17.0.16+8-LTS, mixed mode, sharing, tiered, compressed oops, compressed class ptrs, g1 gc, windows-amd64)
GC Precious Log:
 CPUs: 12 total, 12 available
 Memory: 7876M
 Large Page Support: Disabled
 NUMA Support: Disabled
 Compressed Oops: Enabled (32-bit)
 Heap Region Size: 1M
 Heap Min Capacity: 8M
 Heap Initial Capacity: 124M
 Heap Max Capacity: 2G
 Pre-touch: Disabled
 Parallel Workers: 10
 Concurrent Workers: 3
 Concurrent Refinement Workers: 10
 Periodic GC: Disabled
Heap:
 garbage-first heap   total 368640K, used 271609K [0x0000000080000000, 0x0000000100000000)
  region size 1024K, 18 young (18432K), 5 survivors (5120K)
 Metaspace       used 125007K, committed 126656K, reserved 557056K
  class space    used 17018K, committed 17856K, reserved 425984K
GC Heap History (20 events):
Event: 67.078 GC heap before
{Heap before GC invocations=80 (full 0):
 garbage-first heap   total 307200K, used 265268K [0x0000000080000000, 0x0000000100000000)
  region size 1024K, 26 young (26624K), 4 survivors (4096K)
 Metaspace       used 124625K, committed 126208K, reserved 557056K
  class space    used 16989K, committed 17792K, reserved 425984K
}
Event: 67.086 GC heap after
{Heap after GC invocations=81 (full 0):
 garbage-first heap   total 307200K, used 245412K [0x0000000080000000, 0x0000000100000000)
  region size 1024K, 4 young (4096K), 4 survivors (4096K)
 Metaspace       used 124625K, committed 126208K, reserved 557056K
  class space    used 16989K, committed 17792K, reserved 425984K
}
Event: 67.309 GC heap before
{Heap before GC invocations=81 (full 0):
 garbage-first heap   total 307200K, used 265892K [0x0000000080000000, 0x0000000100000000)
  region size 1024K, 25 young (25600K), 4 survivors (4096K)
 Metaspace       used 124657K, committed 126272K, reserved 557056K
  class space    used 16993K, committed 17792K, reserved 425984K
}
Event: 67.314 GC heap after
{Heap after GC invocations=82 (full 0):
 garbage-first heap   total 307200K, used 246027K [0x0000000080000000, 0x0000000100000000)
  region size 1024K, 3 young (3072K), 3 survivors (3072K)
 Metaspace       used 124657K, committed 126272K, reserved 557056K
  class space    used 16993K, committed 17792K, reserved 425984K
}
Event: 67.503 GC heap before
{Heap before GC invocations=82 (full 0):
 garbage-first heap   total 307200K, used 266507K [0x0000000080000000, 0x0000000100000000)
  region size 1024K, 24 young (24576K), 3 survivors (3072K)
 Metaspace       used 124701K, committed 126272K, reserved 557056K
  class space    used 17000K, committed 17792K, reserved 425984K
}
Event: 67.509 GC heap after
{Heap after GC invocations=83 (full 0):
 garbage-first heap   total 307200K, used 247242K [0x0000000080000000, 0x0000000100000000)
  region size 1024K, 3 young (3072K), 3 survivors (3072K)
 Metaspace       used 124701K, committed 126272K, reserved 557056K
  class space    used 17000K, committed 17792K, reserved 425984K
}
Event: 68.017 GC heap before
{Heap before GC invocations=83 (full 0):
 garbage-first heap   total 307200K, used 266698K [0x0000000080000000, 0x0000000100000000)
  region size 1024K, 23 young (23552K), 3 survivors (3072K)
 Metaspace       used 124805K, committed 126464K, reserved 557056K
  class space    used 17008K, committed 17856K, reserved 425984K
}
Event: 68.026 GC heap after
{Heap after GC invocations=84 (full 0):
 garbage-first heap   total 307200K, used 248613K [0x0000000080000000, 0x0000000100000000)
  region size 1024K, 2 young (2048K), 2 survivors (2048K)
 Metaspace       used 124805K, committed 126464K, reserved 557056K
  class space    used 17008K, committed 17856K, reserved 425984K
}
Event: 68.719 GC heap before
{Heap before GC invocations=84 (full 0):
 garbage-first heap   total 307200K, used 268069K [0x0000000080000000, 0x0000000100000000)
  region size 1024K, 22 young (22528K), 2 survivors (2048K)
 Metaspace       used 124861K, committed 126464K, reserved 557056K
  class space    used 17009K, committed 17856K, reserved 425984K
}
Event: 68.728 GC heap after
{Heap after GC invocations=85 (full 0):
 garbage-first heap   total 307200K, used 251072K [0x0000000080000000, 0x0000000100000000)
  region size 1024K, 3 young (3072K), 3 survivors (3072K)
 Metaspace       used 124861K, committed 126464K, reserved 557056K
  class space    used 17009K, committed 17856K, reserved 425984K
}
Event: 69.356 GC heap before
{Heap before GC invocations=85 (full 0):
 garbage-first heap   total 307200K, used 267456K [0x0000000080000000, 0x0000000100000000)
  region size 1024K, 20 young (20480K), 3 survivors (3072K)
 Metaspace       used 124918K, committed 126592K, reserved 557056K
  class space    used 17010K, committed 17856K, reserved 425984K
}
Event: 69.362 GC heap after
{Heap after GC invocations=86 (full 0):
 garbage-first heap   total 307200K, used 252659K [0x0000000080000000, 0x0000000100000000)
  region size 1024K, 2 young (2048K), 2 survivors (2048K)
 Metaspace       used 124918K, committed 126592K, reserved 557056K
  class space    used 17010K, committed 17856K, reserved 425984K
}
Event: 69.613 GC heap before
{Heap before GC invocations=86 (full 0):
 garbage-first heap   total 307200K, used 269043K [0x0000000080000000, 0x0000000100000000)
  region size 1024K, 19 young (19456K), 2 survivors (2048K)
 Metaspace       used 124966K, committed 126592K, reserved 557056K
  class space    used 17017K, committed 17856K, reserved 425984K
}
Event: 69.618 GC heap after
{Heap after GC invocations=87 (full 0):
 garbage-first heap   total 307200K, used 254512K [0x0000000080000000, 0x0000000100000000)
  region size 1024K, 2 young (2048K), 2 survivors (2048K)
 Metaspace       used 124966K, committed 126592K, reserved 557056K
  class space    used 17017K, committed 17856K, reserved 425984K
}
Event: 69.815 GC heap before
{Heap before GC invocations=87 (full 0):
 garbage-first heap   total 307200K, used 268848K [0x0000000080000000, 0x0000000100000000)
  region size 1024K, 17 young (17408K), 2 survivors (2048K)
 Metaspace       used 124989K, committed 126656K, reserved 557056K
  class space    used 17017K, committed 17856K, reserved 425984K
}
Event: 69.820 GC heap after
{Heap after GC invocations=88 (full 0):
 garbage-first heap   total 307200K, used 255893K [0x0000000080000000, 0x0000000100000000)
  region size 1024K, 3 young (3072K), 3 survivors (3072K)
 Metaspace       used 124989K, committed 126656K, reserved 557056K
  class space    used 17017K, committed 17856K, reserved 425984K
}
Event: 69.962 GC heap before
{Heap before GC invocations=88 (full 0):
 garbage-first heap   total 307200K, used 269205K [0x0000000080000000, 0x0000000100000000)
  region size 1024K, 17 young (17408K), 3 survivors (3072K)
 Metaspace       used 124989K, committed 126656K, reserved 557056K
  class space    used 17017K, committed 17856K, reserved 425984K
}
Event: 69.967 GC heap after
{Heap after GC invocations=89 (full 0):
 garbage-first heap   total 307200K, used 256915K [0x0000000080000000, 0x0000000100000000)
  region size 1024K, 2 young (2048K), 2 survivors (2048K)
 Metaspace       used 124989K, committed 126656K, reserved 557056K
  class space    used 17017K, committed 17856K, reserved 425984K
}
Event: 70.069 GC heap before
{Heap before GC invocations=89 (full 0):
 garbage-first heap   total 307200K, used 270227K [0x0000000080000000, 0x0000000100000000)
  region size 1024K, 16 young (16384K), 2 survivors (2048K)
 Metaspace       used 124990K, committed 126656K, reserved 557056K
  class space    used 17017K, committed 17856K, reserved 425984K
}
Event: 70.074 GC heap after
{Heap after GC invocations=90 (full 0):
 garbage-first heap   total 368640K, used 257758K [0x0000000080000000, 0x0000000100000000)
  region size 1024K, 2 young (2048K), 2 survivors (2048K)
 Metaspace       used 124990K, committed 126656K, reserved 557056K
  class space    used 17017K, committed 17856K, reserved 425984K
}

